In file included from /home/dawn/data/esp-idf/components/esp_wifi/include/esp_smartconfig.h:12,
                 from /home/dawn/data/code/smartconfig_test/main/smartconfig_test.c:3:
/home/dawn/data/code/smartconfig_test/main/smartconfig_test.c: In function 'app_main':
/home/dawn/data/code/smartconfig_test/main/smartconfig_test.c:37:54: warning: passing argument 2 of 'esp_wifi_set_config' from incompatible pointer type [-Wincompatible-pointer-types]
   37 |     ESP_ERROR_CHECK(esp_wifi_set_config(WIFI_IF_STA, &wifi_cfg)); // 设置Wi-Fi配置
      |                                                      ^~~~~~~~~
      |                                                      |
      |                                                      wifi_init_config_t *
/home/dawn/data/esp-idf/components/esp_common/include/esp_err.h:117:30: note: in definition of macro 'ESP_ERROR_CHECK'
  117 |         esp_err_t err_rc_ = (x);                                        \
      |                              ^
In file included from /home/dawn/data/code/smartconfig_test/main/smartconfig_test.c:5:
/home/dawn/data/esp-idf/components/esp_wifi/include/esp_wifi.h:918:74: note: expected 'wifi_config_t *' but argument is of type 'wifi_init_config_t *'
  918 | esp_err_t esp_wifi_set_config(wifi_interface_t interface, wifi_config_t *conf);
      |                                                           ~~~~~~~~~~~~~~~^~~~
/home/dawn/data/code/smartconfig_test/main/smartconfig_test.c:41:54: warning: passing argument 2 of 'esp_wifi_set_config' from incompatible pointer type [-Wincompatible-pointer-types]
   41 |     ESP_ERROR_CHECK(esp_wifi_set_config(WIFI_IF_STA, &wifi_cfg));// 设置Wi-Fi配置
      |                                                      ^~~~~~~~~
      |                                                      |
      |                                                      wifi_init_config_t *
/home/dawn/data/esp-idf/components/esp_common/include/esp_err.h:117:30: note: in definition of macro 'ESP_ERROR_CHECK'
  117 |         esp_err_t err_rc_ = (x);                                        \
      |                              ^
/home/dawn/data/esp-idf/components/esp_wifi/include/esp_wifi.h:918:74: note: expected 'wifi_config_t *' but argument is of type 'wifi_init_config_t *'
  918 | esp_err_t esp_wifi_set_config(wifi_interface_t interface, wifi_config_t *conf);
      |                                                           ~~~~~~~~~~~~~~~^~~~
/home/dawn/data/code/smartconfig_test/main/smartconfig_test.c:45:38: error: implicit declaration of function 'SMARTCONFIG_CONFIG_DEFAULT'; did you mean 'SMARTCONFIG_START_CONFIG_DEFAULT'? [-Werror=implicit-function-declaration]
   45 |     smartconfig_start_config_t cfg = SMARTCONFIG_CONFIG_DEFAULT();
      |                                      ^~~~~~~~~~~~~~~~~~~~~~~~~~
      |                                      SMARTCONFIG_START_CONFIG_DEFAULT
/home/dawn/data/code/smartconfig_test/main/smartconfig_test.c:45:38: error: invalid initializer
/home/dawn/data/code/smartconfig_test/main/smartconfig_test.c:46:27: warning: passing argument 1 of 'esp_smartconfig_start' from incompatible pointer type [-Wincompatible-pointer-types]
   46 |     esp_smartconfig_start(&SMARTCONFIG_CONFIG_DEFAULT);
      |                           ^~~~~~~~~~~~~~~~~~~~~~~~~~~
      |                           |
      |                           int (*)()
/home/dawn/data/esp-idf/components/esp_wifi/include/esp_smartconfig.h:83:67: note: expected 'const smartconfig_start_config_t *' but argument is of type 'int (*)()'
   83 | esp_err_t esp_smartconfig_start(const smartconfig_start_config_t *config);
      |                                 ~~~~~~~~~~~~~~~~~~~~~~~~~~~~~~~~~~^~~~~~
/home/dawn/data/code/smartconfig_test/main/smartconfig_test.c:45:32: warning: unused variable 'cfg' [-Wunused-variable]
   45 |     smartconfig_start_config_t cfg = SMARTCONFIG_CONFIG_DEFAULT();
      |                                ^~~
cc1: some warnings being treated as errors
make[2]: *** [esp-idf/main/CMakeFiles/__idf_main.dir/build.make:76：esp-idf/main/CMakeFiles/__idf_main.dir/smartconfig_test.c.obj] 错误 1
make[1]: *** [CMakeFiles/Makefile2:4611：esp-idf/main/CMakeFiles/__idf_main.dir/all] 错误 2
make: *** [Makefile:136：all] 错误 2
