/home/dawn/data/code/smartconfig_test/main/smartconfig_test.c: In function 'app_main':
/home/dawn/data/code/smartconfig_test/main/smartconfig_test.c:133:2: error: unterminated argument list invoking macro "ESP_ERROR_CHECK"
  133 | }
      |  ^
/home/dawn/data/code/smartconfig_test/main/smartconfig_test.c:37:5: error: 'ESP_ERROR_CHECK' undeclared (first use in this function)
   37 |     ESP_ERROR_CHECK(esp_event_handler_register(ESP_ERROR_CHECK(esp_wifi_set_config(WIFI_IF_STA, &wifi_config));
      |     ^~~~~~~~~~~~~~~
/home/dawn/data/code/smartconfig_test/main/smartconfig_test.c:37:5: note: each undeclared identifier is reported only once for each function it appears in
/home/dawn/data/code/smartconfig_test/main/smartconfig_test.c:37:20: error: expected ';' at end of input
   37 |     ESP_ERROR_CHECK(esp_event_handler_register(ESP_ERROR_CHECK(esp_wifi_set_config(WIFI_IF_STA, &wifi_config));
      |                    ^
      |                    ;
......
/home/dawn/data/code/smartconfig_test/main/smartconfig_test.c:37:5: error: expected declaration or statement at end of input
   37 |     ESP_ERROR_CHECK(esp_event_handler_register(ESP_ERROR_CHECK(esp_wifi_set_config(WIFI_IF_STA, &wifi_config));
      |     ^~~~~~~~~~~~~~~
make[2]: *** [esp-idf/main/CMakeFiles/__idf_main.dir/build.make:76：esp-idf/main/CMakeFiles/__idf_main.dir/smartconfig_test.c.obj] 错误 1
make[1]: *** [CMakeFiles/Makefile2:4611：esp-idf/main/CMakeFiles/__idf_main.dir/all] 错误 2
make: *** [Makefile:136：all] 错误 2
